<?xml version="1.0" encoding="UTF-8"?>
<testng-results ignored="9" total="10" passed="1" failed="0" skipped="0">
  <reporter-output>
  </reporter-output>
  <suite started-at="2023-02-19T15:41:23 PST" name="Default suite" finished-at="2023-02-19T15:41:29 PST" duration-ms="6052">
    <groups>
    </groups>
    <test started-at="2023-02-19T15:41:23 PST" name="Default test" finished-at="2023-02-19T15:41:29 PST" duration-ms="6052">
      <class name="salesforcetest.salesforce_login">
        <test-method is-config="true" signature="setUpBeforeTest()[pri:0, instance:salesforcetest.salesforce_login@4229bb3f]" started-at="2023-02-19T15:41:24 PST" name="setUpBeforeTest" finished-at="2023-02-19T15:41:24 PST" duration-ms="331" status="PASS">
          <reporter-output>
          </reporter-output>
        </test-method> <!-- setUpBeforeTest -->
        <test-method signature="forgotpassword()[pri:0, instance:salesforcetest.salesforce_login@4229bb3f]" started-at="2023-02-19T15:41:24 PST" name="forgotpassword" finished-at="2023-02-19T15:41:29 PST" duration-ms="5439" status="PASS">
          <reporter-output>
          </reporter-output>
        </test-method> <!-- forgotpassword -->
      </class> <!-- salesforcetest.salesforce_login -->
    </test> <!-- Default test -->
  </suite> <!-- Default suite -->
</testng-results>
