<?xml version="1.0" encoding="UTF-8"?>
<!-- Generated by org.testng.reporters.JUnitXMLReporter -->
<testsuite ignored="9" hostname="Sureshs-MacBook-Pro.local" failures="0" tests="1" name="Default test" time="6.052" errors="0" timestamp="2023-02-19T15:41:30 PST">
  <testcase classname="salesforcetest.salesforce_login" name="forgotpassword" time="5.439"/>
  <testcase classname="salesforcetest.salesforce_login" name="myprofile" time="0.0">
    <ignored/>
  </testcase> <!-- myprofile -->
  <testcase classname="salesforcetest.salesforce_login" name="wrong_details" time="0.0">
    <ignored/>
  </testcase> <!-- wrong_details -->
  <testcase classname="salesforcetest.salesforce_login" name="remberbox" time="0.0">
    <ignored/>
  </testcase> <!-- remberbox -->
  <testcase classname="salesforcetest.salesforce_login" name="usermenu" time="0.0">
    <ignored/>
  </testcase> <!-- usermenu -->
  <testcase classname="salesforcetest.salesforce_login" name="returnfromhome" time="0.0">
    <ignored/>
  </testcase> <!-- returnfromhome -->
  <testcase classname="salesforcetest.salesforce_login" name="fileupload" time="0.0">
    <ignored/>
  </testcase> <!-- fileupload -->
  <testcase classname="salesforcetest.salesforce_login" name="posttext" time="0.0">
    <ignored/>
  </testcase> <!-- posttext -->
  <testcase classname="salesforcetest.salesforce_login" name="loginwrong" time="0.0">
    <ignored/>
  </testcase> <!-- loginwrong -->
  <testcase classname="salesforcetest.salesforce_login" name="photoupload" time="0.0">
    <ignored/>
  </testcase> <!-- photoupload -->
</testsuite> <!-- Default test -->
