<?xml version="1.0" encoding="UTF-8"?>
<!-- Generated by org.testng.reporters.JUnitXMLReporter -->
<testsuite ignored="0" hostname="Sureshs-MacBook-Pro.local" failures="0" tests="6" name="My first Test" time="190.196" errors="0" timestamp="2023-02-16T13:41:20 PST">
  <testcase classname="salesforcetest.opportunity" name="Quartily_summary" time="39.612"/>
  <testcase classname="salesforcetest.opportunity" name="logindetails" time="5.845"/>
  <testcase classname="salesforcetest.opportunity" name="opportunity_create" time="31.803"/>
  <testcase classname="salesforcetest.opportunity" name="opportunity_pipeline" time="39.831"/>
  <testcase classname="salesforcetest.opportunity" name="opportunity_struck" time="38.945"/>
  <testcase classname="salesforcetest.opportunity" name="opportunity_test" time="33.393"/>
</testsuite> <!-- My first Test -->
